14:01:00 INFO  : Registering command handlers for SDK TCF services
14:01:01 INFO  : Launching XSCT server: xsct.bat -interactive E:\S9\P02_GPIO\GPIO.sdk\temp_xsdb_launch_script.tcl
14:01:08 INFO  : XSCT server has started successfully.
14:01:08 INFO  : Successfully done setting XSCT server connection channel  
14:01:09 INFO  : Successfully done setting SDK workspace  
14:01:09 INFO  : Processing command line option -hwspec E:/S9/P02_GPIO/GPIO.sdk/zynq_wrapper.hdf.
17:18:57 INFO  : Connected to target on host '127.0.0.1' and port '3121'.
17:18:58 INFO  : Jtag cable 'Digilent JTAG-HS1 210512180081' is selected.
17:18:58 INFO  : 'jtag frequency' command is executed.
17:18:58 INFO  : Sourcing of 'E:/S9/P02_GPIO/GPIO.sdk/zynq_wrapper_hw_platform_0/ps7_init.tcl' is done.
17:18:58 INFO  : Context for 'APU' is selected.
17:18:58 INFO  : Hardware design information is loaded from 'E:/S9/P02_GPIO/GPIO.sdk/zynq_wrapper_hw_platform_0/system.hdf'.
17:18:58 INFO  : 'configparams force-mem-access 1' command is executed.
17:18:58 INFO  : Context for 'APU' is selected.
17:18:59 INFO  : 'stop' command is executed.
17:18:59 INFO  : 'ps7_init' command is executed.
17:18:59 INFO  : 'ps7_post_config' command is executed.
17:18:59 INFO  : Context for processor 'ps7_cortexa9_0' is selected.
17:18:59 INFO  : Processor reset is completed for 'ps7_cortexa9_0'.
17:18:59 INFO  : Context for processor 'ps7_cortexa9_0' is selected.
17:18:59 INFO  : The application 'E:/S9/P02_GPIO/GPIO.sdk/GPIO/Debug/GPIO.elf' is downloaded to processor 'ps7_cortexa9_0'.
17:18:59 INFO  : 'configparams force-mem-access 0' command is executed.
17:18:59 INFO  : ----------------XSDB Script----------------
connect -url tcp:127.0.0.1:3121
source E:/S9/P02_GPIO/GPIO.sdk/zynq_wrapper_hw_platform_0/ps7_init.tcl
targets -set -nocase -filter {name =~"APU*" && jtag_cable_name =~ "Digilent JTAG-HS1 210512180081"} -index 0
loadhw -hw E:/S9/P02_GPIO/GPIO.sdk/zynq_wrapper_hw_platform_0/system.hdf -mem-ranges [list {0x40000000 0xbfffffff}]
configparams force-mem-access 1
targets -set -nocase -filter {name =~"APU*" && jtag_cable_name =~ "Digilent JTAG-HS1 210512180081"} -index 0
stop
ps7_init
ps7_post_config
targets -set -nocase -filter {name =~ "ARM*#0" && jtag_cable_name =~ "Digilent JTAG-HS1 210512180081"} -index 0
rst -processor
targets -set -nocase -filter {name =~ "ARM*#0" && jtag_cable_name =~ "Digilent JTAG-HS1 210512180081"} -index 0
dow E:/S9/P02_GPIO/GPIO.sdk/GPIO/Debug/GPIO.elf
configparams force-mem-access 0
----------------End of Script----------------

17:19:00 INFO  : Context for processor 'ps7_cortexa9_0' is selected.
17:19:00 INFO  : 'con' command is executed.
17:19:00 INFO  : ----------------XSDB Script (After Launch)----------------
targets -set -nocase -filter {name =~ "ARM*#0" && jtag_cable_name =~ "Digilent JTAG-HS1 210512180081"} -index 0
con
----------------End of Script----------------

17:19:00 INFO  : Launch script is exported to file 'E:\S9\P02_GPIO\GPIO.sdk\.sdk\launch_scripts\xilinx_c-c++_application_(system_debugger)\system_debugger_using_debug_gpio.elf_on_local.tcl'
17:19:34 INFO  : Disconnected from the channel tcfchan#1.
17:20:06 INFO  : Registering command handlers for SDK TCF services
17:20:07 INFO  : Launching XSCT server: xsct.bat -interactive E:\S9\P02_GPIO\GPIO.sdk\temp_xsdb_launch_script.tcl
17:20:12 INFO  : XSCT server has started successfully.
17:20:12 INFO  : Successfully done setting XSCT server connection channel  
17:20:13 INFO  : Successfully done setting SDK workspace  
17:20:13 INFO  : Processing command line option -hwspec E:/S9/P02_GPIO/GPIO.sdk/zynq_wrapper.hdf.
17:20:13 INFO  : Checking for hwspec changes in the project zynq_wrapper_hw_platform_0.
17:23:35 INFO  : Refreshed build settings on project GPIO
17:25:27 INFO  : Invoking Bootgen: bootgen -image GPIO.bif -arch zynq -o E:\S9\P02_GPIO\GPIO.sdk\GPIO\bootimage\BOOT.bin
17:25:27 INFO  : Creating new bif file E:\S9\P02_GPIO\GPIO.sdk\GPIO\bootimage\GPIO.bif
17:25:28 INFO  : Bootgen command execution is done.
