13:41:23 INFO  : Registering command handlers for SDK TCF services
13:41:24 INFO  : Launching XSCT server: xsct.bat -interactive E:\S9\P04_SD_BOOT\SD_BOOT.sdk\temp_xsdb_launch_script.tcl
13:41:28 INFO  : XSCT server has started successfully.
13:41:29 INFO  : Successfully done setting XSCT server connection channel  
13:41:29 INFO  : Successfully done setting SDK workspace  
13:41:29 INFO  : Processing command line option -hwspec E:/S9/P04_SD_BOOT/SD_BOOT.sdk/zynq_wrapper.hdf.
13:47:36 INFO  : Connected to target on host '127.0.0.1' and port '3121'.
13:47:37 INFO  : Jtag cable 'Digilent JTAG-HS1 210512180081' is selected.
13:47:37 INFO  : 'jtag frequency' command is executed.
13:47:37 INFO  : Sourcing of 'E:/S9/P04_SD_BOOT/SD_BOOT.sdk/zynq_wrapper_hw_platform_0/ps7_init.tcl' is done.
13:47:37 INFO  : Context for 'APU' is selected.
13:47:37 INFO  : Hardware design information is loaded from 'E:/S9/P04_SD_BOOT/SD_BOOT.sdk/zynq_wrapper_hw_platform_0/system.hdf'.
13:47:37 INFO  : 'configparams force-mem-access 1' command is executed.
13:47:37 INFO  : Context for 'APU' is selected.
13:47:37 INFO  : 'stop' command is executed.
13:47:37 INFO  : 'ps7_init' command is executed.
13:47:37 INFO  : 'ps7_post_config' command is executed.
13:47:37 INFO  : Context for processor 'ps7_cortexa9_0' is selected.
13:47:37 INFO  : Processor reset is completed for 'ps7_cortexa9_0'.
13:47:37 INFO  : Context for processor 'ps7_cortexa9_0' is selected.
13:47:38 INFO  : The application 'E:/S9/P04_SD_BOOT/SD_BOOT.sdk/SD_BOOT/Debug/SD_BOOT.elf' is downloaded to processor 'ps7_cortexa9_0'.
13:47:38 INFO  : 'configparams force-mem-access 0' command is executed.
13:47:38 INFO  : ----------------XSDB Script----------------
connect -url tcp:127.0.0.1:3121
source E:/S9/P04_SD_BOOT/SD_BOOT.sdk/zynq_wrapper_hw_platform_0/ps7_init.tcl
targets -set -nocase -filter {name =~"APU*" && jtag_cable_name =~ "Digilent JTAG-HS1 210512180081"} -index 0
loadhw -hw E:/S9/P04_SD_BOOT/SD_BOOT.sdk/zynq_wrapper_hw_platform_0/system.hdf -mem-ranges [list {0x40000000 0xbfffffff}]
configparams force-mem-access 1
targets -set -nocase -filter {name =~"APU*" && jtag_cable_name =~ "Digilent JTAG-HS1 210512180081"} -index 0
stop
ps7_init
ps7_post_config
targets -set -nocase -filter {name =~ "ARM*#0" && jtag_cable_name =~ "Digilent JTAG-HS1 210512180081"} -index 0
rst -processor
targets -set -nocase -filter {name =~ "ARM*#0" && jtag_cable_name =~ "Digilent JTAG-HS1 210512180081"} -index 0
dow E:/S9/P04_SD_BOOT/SD_BOOT.sdk/SD_BOOT/Debug/SD_BOOT.elf
configparams force-mem-access 0
----------------End of Script----------------

13:47:38 INFO  : Context for processor 'ps7_cortexa9_0' is selected.
13:47:38 INFO  : 'con' command is executed.
13:47:38 INFO  : ----------------XSDB Script (After Launch)----------------
targets -set -nocase -filter {name =~ "ARM*#0" && jtag_cable_name =~ "Digilent JTAG-HS1 210512180081"} -index 0
con
----------------End of Script----------------

13:47:38 INFO  : Launch script is exported to file 'E:\S9\P04_SD_BOOT\SD_BOOT.sdk\.sdk\launch_scripts\xilinx_c-c++_application_(system_debugger)\system_debugger_using_debug_sd_boot.elf_on_local.tcl'
13:48:28 INFO  : Refreshed build settings on project SD_BOOT
13:50:11 INFO  : Invoking Bootgen: bootgen -image SD_BOOT.bif -arch zynq -o E:\S9\P04_SD_BOOT\SD_BOOT.sdk\SD_BOOT\bootimage\BOOT.bin
13:50:11 INFO  : Creating new bif file E:\S9\P04_SD_BOOT\SD_BOOT.sdk\SD_BOOT\bootimage\SD_BOOT.bif
13:50:13 INFO  : Bootgen command execution is done.
13:52:13 INFO  : Disconnected from the channel tcfchan#1.
