#-----------------------------------------------------------
# Webtalk v2017.4 (64-bit)
# SW Build 2086221 on Fri Dec 15 20:55:39 MST 2017
# 
# Start of session at: Thu Jun 25 13:52:16 2020
# Process ID: 1212
# Current directory: E:/S9/P04_SD_BOOT/SD_BOOT.sdk/webtalk
# Command line: wbtcv.exe -mode batch -source sdk_webtalk.tcl
# Log file: E:/S9/P04_SD_BOOT/SD_BOOT.sdk/webtalk/webtalk.log
# Journal file: E:/S9/P04_SD_BOOT/SD_BOOT.sdk/webtalk\webtalk.jou
#-----------------------------------------------------------
source sdk_webtalk.tcl
# webtalk_init -webtalk_dir E:\\S9\\P04_SD_BOOT\\SD_BOOT.sdk\\webtalk
# webtalk_register_client -client project
# webtalk_add_data -client project -key date_generated -value "2020-06-25 13:52:13" -context "software_version_and_target_device"
# webtalk_add_data -client project -key product_version -value "SDK v2017.4" -context "software_version_and_target_device"
# webtalk_add_data -client project -key build_version -value "2017.4" -context "software_version_and_target_device"
# webtalk_add_data -client project -key os_platform -value "amd64" -context "software_version_and_target_device"
# webtalk_add_data -client project -key registration_id -value "" -context "software_version_and_target_device"
# webtalk_add_data -client project -key tool_flow -value "SDK" -context "software_version_and_target_device"
# webtalk_add_data -client project -key beta -value "false" -context "software_version_and_target_device"
# webtalk_add_data -client project -key route_design -value "NA" -context "software_version_and_target_device"
# webtalk_add_data -client project -key target_family -value "NA" -context "software_version_and_target_device"
# webtalk_add_data -client project -key target_device -value "NA" -context "software_version_and_target_device"
# webtalk_add_data -client project -key target_package -value "NA" -context "software_version_and_target_device"
# webtalk_add_data -client project -key target_speed -value "NA" -context "software_version_and_target_device"
# webtalk_add_data -client project -key random_id -value "h7927kndg7g43ht4ccq0ukk0ub" -context "software_version_and_target_device"
# webtalk_add_data -client project -key project_id -value "2017.4_75" -context "software_version_and_target_device"
# webtalk_add_data -client project -key project_iteration -value "75" -context "software_version_and_target_device"
# webtalk_add_data -client project -key os_name -value "Microsoft Windows 7 , 64-bit" -context "user_environment"
# webtalk_add_data -client project -key os_release -value "Service Pack 1  (build 7601)" -context "user_environment"
# webtalk_add_data -client project -key cpu_name -value "Intel(R) Core(TM)2 Duo CPU     E8400  @ 3.00GHz" -context "user_environment"
# webtalk_add_data -client project -key cpu_speed -value "2992 MHz" -context "user_environment"
# webtalk_add_data -client project -key total_processors -value "1" -context "user_environment"
# webtalk_add_data -client project -key system_ram -value "3.724 GB" -context "user_environment"
# webtalk_register_client -client sdk
# webtalk_add_data -client sdk -key uid -value "1593063694169" -context "sdk\\\\hardware/1593063694169"
# webtalk_add_data -client sdk -key isZynq -value "true" -context "sdk\\\\hardware/1593063694169"
# webtalk_add_data -client sdk -key isZynqMP -value "false" -context "sdk\\\\hardware/1593063694169"
# webtalk_add_data -client sdk -key Processors -value "2" -context "sdk\\\\hardware/1593063694169"
# webtalk_add_data -client sdk -key VivadoVersion -value "2017.4" -context "sdk\\\\hardware/1593063694169"
# webtalk_add_data -client sdk -key Arch -value "zynq" -context "sdk\\\\hardware/1593063694169"
# webtalk_add_data -client sdk -key Device -value "7z010" -context "sdk\\\\hardware/1593063694169"
# webtalk_add_data -client sdk -key IsHandoff -value "true" -context "sdk\\\\hardware/1593063694169"
# webtalk_add_data -client sdk -key os -value "NA" -context "sdk\\\\hardware/1593063694169"
# webtalk_add_data -client sdk -key apptemplate -value "NA" -context "sdk\\\\hardware/1593063694169"
# webtalk_add_data -client sdk -key RecordType -value "HWCreation" -context "sdk\\\\hardware/1593063694169"
# webtalk_add_data -client sdk -key uid -value "1593063717209" -context "sdk\\\\bsp/1593063717209"
# webtalk_add_data -client sdk -key hwid -value "1593063694169" -context "sdk\\\\bsp/1593063717209"
# webtalk_add_data -client sdk -key os -value "standalone" -context "sdk\\\\bsp/1593063717209"
# webtalk_add_data -client sdk -key apptemplate -value "hello_world" -context "sdk\\\\bsp/1593063717209"
# webtalk_add_data -client sdk -key RecordType -value "BSPCreation" -context "sdk\\\\bsp/1593063717209"
# webtalk_add_data -client sdk -key uid -value "1593063720554" -context "sdk\\\\application/1593063720554"
# webtalk_add_data -client sdk -key hwid -value "1593063694169" -context "sdk\\\\application/1593063720554"
# webtalk_add_data -client sdk -key bspid -value "1593063717209" -context "sdk\\\\application/1593063720554"
# webtalk_add_data -client sdk -key newbsp -value "true" -context "sdk\\\\application/1593063720554"
# webtalk_add_data -client sdk -key os -value "standalone" -context "sdk\\\\application/1593063720554"
# webtalk_add_data -client sdk -key apptemplate -value "hello_world" -context "sdk\\\\application/1593063720554"
# webtalk_add_data -client sdk -key RecordType -value "APPCreation" -context "sdk\\\\application/1593063720554"
# webtalk_add_data -client sdk -key LangUsed -value "C" -context "sdk\\\\application/1593063720554"
# webtalk_add_data -client sdk -key Procused -value "ps7_cortexa9" -context "sdk\\\\application/1593063720554"
# webtalk_add_data -client sdk -key projSize -value "184.375" -context "sdk\\\\application/1593063720554"
# webtalk_add_data -client sdk -key uid -value "1593064168843" -context "sdk\\\\application/1593064168843"
# webtalk_add_data -client sdk -key hwid -value "1593063694169" -context "sdk\\\\application/1593064168843"
# webtalk_add_data -client sdk -key bspid -value "1593063717209" -context "sdk\\\\application/1593064168843"
# webtalk_add_data -client sdk -key newbsp -value "false" -context "sdk\\\\application/1593064168843"
# webtalk_add_data -client sdk -key os -value "standalone" -context "sdk\\\\application/1593064168843"
# webtalk_add_data -client sdk -key apptemplate -value "zynq_fsbl" -context "sdk\\\\application/1593064168843"
# webtalk_add_data -client sdk -key RecordType -value "APPCreation" -context "sdk\\\\application/1593064168843"
# webtalk_add_data -client sdk -key LangUsed -value "C" -context "sdk\\\\application/1593064168843"
# webtalk_add_data -client sdk -key Procused -value "ps7_cortexa9" -context "sdk\\\\application/1593064168843"
# webtalk_add_data -client sdk -key projSize -value "341.6953125" -context "sdk\\\\application/1593064168843"
# webtalk_add_data -client sdk -key uid -value "NA" -context "sdk\\\\bsp/1593064333010"
# webtalk_add_data -client sdk -key RecordType -value "ToolUsage" -context "sdk\\\\bsp/1593064333010"
# webtalk_add_data -client sdk -key BootgenCount -value "1" -context "sdk\\\\bsp/1593064333010"
# webtalk_add_data -client sdk -key DebugCount -value "1" -context "sdk\\\\bsp/1593064333010"
# webtalk_add_data -client sdk -key PerfCount -value "0" -context "sdk\\\\bsp/1593064333010"
# webtalk_add_data -client sdk -key FlashCount -value "0" -context "sdk\\\\bsp/1593064333010"
# webtalk_add_data -client sdk -key CrossTriggCount -value "0" -context "sdk\\\\bsp/1593064333010"
# webtalk_add_data -client sdk -key QemuDebugCount -value "0" -context "sdk\\\\bsp/1593064333010"
# webtalk_transmit -clientid 945668595 -regid "" -xml E:\\S9\\P04_SD_BOOT\\SD_BOOT.sdk\\webtalk\\usage_statistics_ext_sdk.xml -html E:\\S9\\P04_SD_BOOT\\SD_BOOT.sdk\\webtalk\\usage_statistics_ext_sdk.html -wdm E:\\S9\\P04_SD_BOOT\\SD_BOOT.sdk\\webtalk\\sdk_webtalk.wdm -intro "<H3>SDK Usage Report</H3><BR>"
# webtalk_terminate
INFO: [Common 17-206] Exiting Webtalk at Thu Jun 25 13:52:20 2020...
