#-----------------------------------------------------------
# Webtalk v2017.4 (64-bit)
# SW Build 2086221 on Fri Dec 15 20:55:39 MST 2017
# 
# Start of session at: Sat Jun 27 17:19:39 2020
# Process ID: 1636
# Current directory: E:/S9/P02_GPIO/GPIO.sdk/webtalk
# Command line: wbtcv.exe -mode batch -source sdk_webtalk.tcl
# Log file: E:/S9/P02_GPIO/GPIO.sdk/webtalk/webtalk.log
# Journal file: E:/S9/P02_GPIO/GPIO.sdk/webtalk\webtalk.jou
#-----------------------------------------------------------
source sdk_webtalk.tcl
# webtalk_init -webtalk_dir E:\\S9\\P02_GPIO\\GPIO.sdk\\webtalk
# webtalk_register_client -client project
# webtalk_add_data -client project -key date_generated -value "2020-06-27 17:19:33" -context "software_version_and_target_device"
# webtalk_add_data -client project -key product_version -value "SDK v2017.4" -context "software_version_and_target_device"
# webtalk_add_data -client project -key build_version -value "2017.4" -context "software_version_and_target_device"
# webtalk_add_data -client project -key os_platform -value "amd64" -context "software_version_and_target_device"
# webtalk_add_data -client project -key registration_id -value "" -context "software_version_and_target_device"
# webtalk_add_data -client project -key tool_flow -value "SDK" -context "software_version_and_target_device"
# webtalk_add_data -client project -key beta -value "false" -context "software_version_and_target_device"
# webtalk_add_data -client project -key route_design -value "NA" -context "software_version_and_target_device"
# webtalk_add_data -client project -key target_family -value "NA" -context "software_version_and_target_device"
# webtalk_add_data -client project -key target_device -value "NA" -context "software_version_and_target_device"
# webtalk_add_data -client project -key target_package -value "NA" -context "software_version_and_target_device"
# webtalk_add_data -client project -key target_speed -value "NA" -context "software_version_and_target_device"
# webtalk_add_data -client project -key random_id -value "i2qe2od69bmcv5s3eedpdq3aoh" -context "software_version_and_target_device"
# webtalk_add_data -client project -key project_id -value "2017.4_86" -context "software_version_and_target_device"
# webtalk_add_data -client project -key project_iteration -value "86" -context "software_version_and_target_device"
# webtalk_add_data -client project -key os_name -value "Microsoft Windows 7 , 64-bit" -context "user_environment"
# webtalk_add_data -client project -key os_release -value "Service Pack 1  (build 7601)" -context "user_environment"
# webtalk_add_data -client project -key cpu_name -value "Intel(R) Core(TM)2 Duo CPU     E8400  @ 3.00GHz" -context "user_environment"
# webtalk_add_data -client project -key cpu_speed -value "2992 MHz" -context "user_environment"
# webtalk_add_data -client project -key total_processors -value "1" -context "user_environment"
# webtalk_add_data -client project -key system_ram -value "3.724 GB" -context "user_environment"
# webtalk_register_client -client sdk
# webtalk_add_data -client sdk -key uid -value "1593237675684" -context "sdk\\\\hardware/1593237675684"
# webtalk_add_data -client sdk -key isZynq -value "true" -context "sdk\\\\hardware/1593237675684"
# webtalk_add_data -client sdk -key isZynqMP -value "false" -context "sdk\\\\hardware/1593237675684"
# webtalk_add_data -client sdk -key Processors -value "2" -context "sdk\\\\hardware/1593237675684"
# webtalk_add_data -client sdk -key VivadoVersion -value "2017.4" -context "sdk\\\\hardware/1593237675684"
# webtalk_add_data -client sdk -key Arch -value "zynq" -context "sdk\\\\hardware/1593237675684"
# webtalk_add_data -client sdk -key Device -value "7z010" -context "sdk\\\\hardware/1593237675684"
# webtalk_add_data -client sdk -key IsHandoff -value "true" -context "sdk\\\\hardware/1593237675684"
# webtalk_add_data -client sdk -key os -value "NA" -context "sdk\\\\hardware/1593237675684"
# webtalk_add_data -client sdk -key apptemplate -value "NA" -context "sdk\\\\hardware/1593237675684"
# webtalk_add_data -client sdk -key RecordType -value "HWCreation" -context "sdk\\\\hardware/1593237675684"
# webtalk_add_data -client sdk -key uid -value "1593249002991" -context "sdk\\\\bsp/1593249002991"
# webtalk_add_data -client sdk -key hwid -value "1593237675684" -context "sdk\\\\bsp/1593249002991"
# webtalk_add_data -client sdk -key os -value "standalone" -context "sdk\\\\bsp/1593249002991"
# webtalk_add_data -client sdk -key apptemplate -value "hello_world" -context "sdk\\\\bsp/1593249002991"
# webtalk_add_data -client sdk -key RecordType -value "BSPCreation" -context "sdk\\\\bsp/1593249002991"
# webtalk_add_data -client sdk -key uid -value "1593249016342" -context "sdk\\\\application/1593249016342"
# webtalk_add_data -client sdk -key hwid -value "1593237675684" -context "sdk\\\\application/1593249016342"
# webtalk_add_data -client sdk -key bspid -value "1593249002991" -context "sdk\\\\application/1593249016342"
# webtalk_add_data -client sdk -key newbsp -value "true" -context "sdk\\\\application/1593249016342"
# webtalk_add_data -client sdk -key os -value "standalone" -context "sdk\\\\application/1593249016342"
# webtalk_add_data -client sdk -key apptemplate -value "hello_world" -context "sdk\\\\application/1593249016342"
# webtalk_add_data -client sdk -key RecordType -value "APPCreation" -context "sdk\\\\application/1593249016342"
# webtalk_add_data -client sdk -key LangUsed -value "C" -context "sdk\\\\application/1593249016342"
# webtalk_add_data -client sdk -key Procused -value "ps7_cortexa9" -context "sdk\\\\application/1593249016342"
# webtalk_add_data -client sdk -key projSize -value "184.1875" -context "sdk\\\\application/1593249016342"
# webtalk_add_data -client sdk -key uid -value "NA" -context "sdk\\\\bsp/1593249573478"
# webtalk_add_data -client sdk -key RecordType -value "ToolUsage" -context "sdk\\\\bsp/1593249573478"
# webtalk_add_data -client sdk -key BootgenCount -value "0" -context "sdk\\\\bsp/1593249573478"
# webtalk_add_data -client sdk -key DebugCount -value "1" -context "sdk\\\\bsp/1593249573478"
# webtalk_add_data -client sdk -key PerfCount -value "0" -context "sdk\\\\bsp/1593249573478"
# webtalk_add_data -client sdk -key FlashCount -value "0" -context "sdk\\\\bsp/1593249573478"
# webtalk_add_data -client sdk -key CrossTriggCount -value "0" -context "sdk\\\\bsp/1593249573478"
# webtalk_add_data -client sdk -key QemuDebugCount -value "0" -context "sdk\\\\bsp/1593249573478"
# webtalk_transmit -clientid 2566610740 -regid "" -xml E:\\S9\\P02_GPIO\\GPIO.sdk\\webtalk\\usage_statistics_ext_sdk.xml -html E:\\S9\\P02_GPIO\\GPIO.sdk\\webtalk\\usage_statistics_ext_sdk.html -wdm E:\\S9\\P02_GPIO\\GPIO.sdk\\webtalk\\sdk_webtalk.wdm -intro "<H3>SDK Usage Report</H3><BR>"
# webtalk_terminate
INFO: [Common 17-206] Exiting Webtalk at Sat Jun 27 17:19:43 2020...
